<?xml version="1.0" encoding="UTF-8"?>
<!-- Generated by org.testng.reporters.JUnitXMLReporter -->
<testsuite ignored="1" hostname="Mohamed_PC" failures="1" tests="2" name="Test" time="37.922" errors="0" timestamp="2025-01-08T07:50:17 IST">
  <testcase classname="testCases.TC001_UserAccountRegistration" name="verify_account_registration" time="6.277"/>
  <testcase classname="testCases.TC002_LoginTest" name="verify_UserLogin" time="14.84">
    <failure type="java.lang.AssertionError" message="expected [true] but found [false]">
      <![CDATA[java.lang.AssertionError: expected [true] but found [false]
at testCases.TC002_LoginTest.verify_UserLogin(TC002_LoginTest.java:31)
at java.base/java.util.ArrayList.forEach(ArrayList.java:1511)
... Removed 31 stack frames]]>
    </failure>
  </testcase> <!-- verify_UserLogin -->
  <testcase classname="testCases.TC003_LoginDDT" name="verify_LoginDDT" time="0.0">
    <ignored/>
  </testcase> <!-- verify_LoginDDT -->
</testsuite> <!-- Test -->
